{"/Users/dheerajagrahari/Desktop/ipl_data_project/src/server/1_MatchesPerYearData.js": {"path":"/Users/dheerajagrahari/Desktop/ipl_data_project/src/server/1_MatchesPerYearData.js","statementMap":{"0":{"start":{"line":3,"column":24},"end":{"line":3,"column":26}},"1":{"start":{"line":4,"column":4},"end":{"line":14,"column":7}},"2":{"start":{"line":5,"column":20},"end":{"line":5,"column":32}},"3":{"start":{"line":6,"column":8},"end":{"line":13,"column":9}},"4":{"start":{"line":7,"column":12},"end":{"line":12,"column":13}},"5":{"start":{"line":8,"column":16},"end":{"line":8,"column":39}},"6":{"start":{"line":11,"column":16},"end":{"line":11,"column":38}},"7":{"start":{"line":15,"column":4},"end":{"line":15,"column":25}},"8":{"start":{"line":17,"column":0},"end":{"line":17,"column":36}}},"fnMap":{"0":{"name":"matchesplayperyear","decl":{"start":{"line":1,"column":9},"end":{"line":1,"column":27}},"loc":{"start":{"line":1,"column":36},"end":{"line":16,"column":1}},"line":1},"1":{"name":"(anonymous_1)","decl":{"start":{"line":4,"column":20},"end":{"line":4,"column":21}},"loc":{"start":{"line":4,"column":29},"end":{"line":14,"column":5}},"line":4}},"branchMap":{"0":{"loc":{"start":{"line":6,"column":8},"end":{"line":13,"column":9}},"type":"if","locations":[{"start":{"line":6,"column":8},"end":{"line":13,"column":9}},{"start":{},"end":{}}],"line":6},"1":{"loc":{"start":{"line":7,"column":12},"end":{"line":12,"column":13}},"type":"if","locations":[{"start":{"line":7,"column":12},"end":{"line":12,"column":13}},{"start":{"line":10,"column":16},"end":{"line":12,"column":13}}],"line":7}},"s":{"0":3,"1":3,"2":8,"3":8,"4":7,"5":2,"6":5,"7":3,"8":1},"f":{"0":3,"1":8},"b":{"0":[7,1],"1":[2,5]},"_coverageSchema":"1a1c01bbd47fc00a2c39e90264f33305004495a9","hash":"ed4e6a017d55e5fc41033ac337fa02d56b1893b9"}
,"/Users/dheerajagrahari/Desktop/ipl_data_project/src/server/2_MatchesWonPerTeamPerYearData.js": {"path":"/Users/dheerajagrahari/Desktop/ipl_data_project/src/server/2_MatchesWonPerTeamPerYearData.js","statementMap":{"0":{"start":{"line":2,"column":27},"end":{"line":2,"column":29}},"1":{"start":{"line":4,"column":4},"end":{"line":17,"column":7}},"2":{"start":{"line":5,"column":19},"end":{"line":5,"column":31}},"3":{"start":{"line":6,"column":21},"end":{"line":6,"column":33}},"4":{"start":{"line":8,"column":6},"end":{"line":16,"column":7}},"5":{"start":{"line":9,"column":8},"end":{"line":13,"column":9}},"6":{"start":{"line":10,"column":10},"end":{"line":10,"column":41}},"7":{"start":{"line":12,"column":10},"end":{"line":12,"column":43}},"8":{"start":{"line":15,"column":8},"end":{"line":15,"column":47}},"9":{"start":{"line":19,"column":4},"end":{"line":19,"column":26}},"10":{"start":{"line":22,"column":2},"end":{"line":22,"column":57}}},"fnMap":{"0":{"name":"calculateMatchesWonPerTeamPerYearData","decl":{"start":{"line":1,"column":9},"end":{"line":1,"column":46}},"loc":{"start":{"line":1,"column":56},"end":{"line":20,"column":3}},"line":1},"1":{"name":"(anonymous_1)","decl":{"start":{"line":4,"column":20},"end":{"line":4,"column":21}},"loc":{"start":{"line":4,"column":31},"end":{"line":17,"column":5}},"line":4}},"branchMap":{"0":{"loc":{"start":{"line":8,"column":6},"end":{"line":16,"column":7}},"type":"if","locations":[{"start":{"line":8,"column":6},"end":{"line":16,"column":7}},{"start":{"line":14,"column":13},"end":{"line":16,"column":7}}],"line":8},"1":{"loc":{"start":{"line":9,"column":8},"end":{"line":13,"column":9}},"type":"if","locations":[{"start":{"line":9,"column":8},"end":{"line":13,"column":9}},{"start":{"line":11,"column":15},"end":{"line":13,"column":9}}],"line":9}},"s":{"0":2,"1":2,"2":6,"3":6,"4":6,"5":3,"6":0,"7":3,"8":3,"9":2,"10":1},"f":{"0":2,"1":6},"b":{"0":[3,3],"1":[0,3]},"_coverageSchema":"1a1c01bbd47fc00a2c39e90264f33305004495a9","hash":"3337040595abe8bbf0a9731b5b437077ac939ebc"}
,"/Users/dheerajagrahari/Desktop/ipl_data_project/src/server/3_ExtraRunsConcededData.js": {"path":"/Users/dheerajagrahari/Desktop/ipl_data_project/src/server/3_ExtraRunsConcededData.js","statementMap":{"0":{"start":{"line":2,"column":28},"end":{"line":2,"column":30}},"1":{"start":{"line":5,"column":22},"end":{"line":5,"column":70}},"2":{"start":{"line":5,"column":46},"end":{"line":5,"column":69}},"3":{"start":{"line":7,"column":2},"end":{"line":23,"column":3}},"4":{"start":{"line":8,"column":20},"end":{"line":8,"column":28}},"5":{"start":{"line":11,"column":31},"end":{"line":11,"column":91}},"6":{"start":{"line":11,"column":61},"end":{"line":11,"column":90}},"7":{"start":{"line":13,"column":4},"end":{"line":22,"column":5}},"8":{"start":{"line":14,"column":26},"end":{"line":14,"column":47}},"9":{"start":{"line":15,"column":24},"end":{"line":15,"column":57}},"10":{"start":{"line":17,"column":6},"end":{"line":21,"column":7}},"11":{"start":{"line":18,"column":8},"end":{"line":18,"column":52}},"12":{"start":{"line":20,"column":8},"end":{"line":20,"column":51}},"13":{"start":{"line":25,"column":2},"end":{"line":25,"column":27}},"14":{"start":{"line":28,"column":0},"end":{"line":28,"column":44}}},"fnMap":{"0":{"name":"calculateExtraRunsConceded","decl":{"start":{"line":1,"column":9},"end":{"line":1,"column":35}},"loc":{"start":{"line":1,"column":57},"end":{"line":26,"column":1}},"line":1},"1":{"name":"(anonymous_1)","decl":{"start":{"line":5,"column":37},"end":{"line":5,"column":38}},"loc":{"start":{"line":5,"column":46},"end":{"line":5,"column":69}},"line":5},"2":{"name":"(anonymous_2)","decl":{"start":{"line":11,"column":49},"end":{"line":11,"column":50}},"loc":{"start":{"line":11,"column":61},"end":{"line":11,"column":90}},"line":11}},"branchMap":{"0":{"loc":{"start":{"line":17,"column":6},"end":{"line":21,"column":7}},"type":"if","locations":[{"start":{"line":17,"column":6},"end":{"line":21,"column":7}},{"start":{"line":19,"column":13},"end":{"line":21,"column":7}}],"line":17}},"s":{"0":2,"1":2,"2":9,"3":2,"4":6,"5":6,"6":42,"7":6,"8":6,"9":6,"10":6,"11":2,"12":4,"13":2,"14":1},"f":{"0":2,"1":9,"2":42},"b":{"0":[2,4]},"_coverageSchema":"1a1c01bbd47fc00a2c39e90264f33305004495a9","hash":"69baa8028958e970eb57099007fb3fd9dfa752eb"}
,"/Users/dheerajagrahari/Desktop/ipl_data_project/src/server/4_EconomicalBowlers.js": {"path":"/Users/dheerajagrahari/Desktop/ipl_data_project/src/server/4_EconomicalBowlers.js","statementMap":{"0":{"start":{"line":4,"column":24},"end":{"line":9,"column":12}},"1":{"start":{"line":5,"column":25},"end":{"line":5,"column":48}},"2":{"start":{"line":7,"column":8},"end":{"line":7,"column":29}},"3":{"start":{"line":8,"column":8},"end":{"line":8,"column":19}},"4":{"start":{"line":12,"column":23},"end":{"line":31,"column":10}},"5":{"start":{"line":13,"column":22},"end":{"line":13,"column":39}},"6":{"start":{"line":14,"column":21},"end":{"line":14,"column":36}},"7":{"start":{"line":15,"column":23},"end":{"line":15,"column":55}},"8":{"start":{"line":16,"column":25},"end":{"line":16,"column":59}},"9":{"start":{"line":17,"column":32},"end":{"line":17,"column":65}},"10":{"start":{"line":19,"column":6},"end":{"line":28,"column":7}},"11":{"start":{"line":20,"column":8},"end":{"line":22,"column":9}},"12":{"start":{"line":21,"column":12},"end":{"line":21,"column":50}},"13":{"start":{"line":24,"column":8},"end":{"line":24,"column":48}},"14":{"start":{"line":25,"column":8},"end":{"line":27,"column":9}},"15":{"start":{"line":26,"column":12},"end":{"line":26,"column":34}},"16":{"start":{"line":30,"column":6},"end":{"line":30,"column":19}},"17":{"start":{"line":34,"column":30},"end":{"line":41,"column":19}},"18":{"start":{"line":35,"column":26},"end":{"line":35,"column":54}},"19":{"start":{"line":36,"column":24},"end":{"line":39,"column":7}},"20":{"start":{"line":40,"column":22},"end":{"line":40,"column":43}},"21":{"start":{"line":43,"column":4},"end":{"line":43,"column":29}},"22":{"start":{"line":46,"column":2},"end":{"line":46,"column":69}}},"fnMap":{"0":{"name":"findTop10EconomicalBowlersIn2015BasedOnDeliveries","decl":{"start":{"line":1,"column":9},"end":{"line":1,"column":58}},"loc":{"start":{"line":1,"column":88},"end":{"line":44,"column":3}},"line":1},"1":{"name":"(anonymous_1)","decl":{"start":{"line":5,"column":14},"end":{"line":5,"column":15}},"loc":{"start":{"line":5,"column":25},"end":{"line":5,"column":48}},"line":5},"2":{"name":"(anonymous_2)","decl":{"start":{"line":6,"column":14},"end":{"line":6,"column":15}},"loc":{"start":{"line":6,"column":30},"end":{"line":9,"column":7}},"line":6},"3":{"name":"(anonymous_3)","decl":{"start":{"line":12,"column":45},"end":{"line":12,"column":46}},"loc":{"start":{"line":12,"column":66},"end":{"line":31,"column":5}},"line":12},"4":{"name":"(anonymous_4)","decl":{"start":{"line":35,"column":14},"end":{"line":35,"column":15}},"loc":{"start":{"line":35,"column":26},"end":{"line":35,"column":54}},"line":35},"5":{"name":"(anonymous_5)","decl":{"start":{"line":36,"column":11},"end":{"line":36,"column":12}},"loc":{"start":{"line":36,"column":24},"end":{"line":39,"column":7}},"line":36},"6":{"name":"(anonymous_6)","decl":{"start":{"line":40,"column":12},"end":{"line":40,"column":13}},"loc":{"start":{"line":40,"column":22},"end":{"line":40,"column":43}},"line":40}},"branchMap":{"0":{"loc":{"start":{"line":19,"column":6},"end":{"line":28,"column":7}},"type":"if","locations":[{"start":{"line":19,"column":6},"end":{"line":28,"column":7}},{"start":{},"end":{}}],"line":19},"1":{"loc":{"start":{"line":20,"column":8},"end":{"line":22,"column":9}},"type":"if","locations":[{"start":{"line":20,"column":8},"end":{"line":22,"column":9}},{"start":{},"end":{}}],"line":20},"2":{"loc":{"start":{"line":25,"column":8},"end":{"line":27,"column":9}},"type":"if","locations":[{"start":{"line":25,"column":8},"end":{"line":27,"column":9}},{"start":{},"end":{}}],"line":25},"3":{"loc":{"start":{"line":25,"column":14},"end":{"line":25,"column":36}},"type":"binary-expr","locations":[{"start":{"line":25,"column":14},"end":{"line":25,"column":22}},{"start":{"line":25,"column":26},"end":{"line":25,"column":36}}],"line":25}},"s":{"0":1,"1":4,"2":3,"3":3,"4":1,"5":23,"6":23,"7":23,"8":23,"9":23,"10":23,"11":22,"12":11,"13":22,"14":22,"15":16,"16":23,"17":1,"18":11,"19":11,"20":27,"21":1,"22":1},"f":{"0":1,"1":4,"2":3,"3":23,"4":11,"5":11,"6":27},"b":{"0":[22,1],"1":[11,11],"2":[16,6],"3":[22,18]},"_coverageSchema":"1a1c01bbd47fc00a2c39e90264f33305004495a9","hash":"2bfbe02483861ddfeb52b5bed1f17b9028ed7685"}
,"/Users/dheerajagrahari/Desktop/ipl_data_project/src/server/5_teamsWonTossAndMatch.js": {"path":"/Users/dheerajagrahari/Desktop/ipl_data_project/src/server/5_teamsWonTossAndMatch.js","statementMap":{"0":{"start":{"line":2,"column":30},"end":{"line":2,"column":32}},"1":{"start":{"line":4,"column":4},"end":{"line":15,"column":9}},"2":{"start":{"line":5,"column":27},"end":{"line":5,"column":44}},"3":{"start":{"line":6,"column":28},"end":{"line":6,"column":40}},"4":{"start":{"line":8,"column":8},"end":{"line":14,"column":9}},"5":{"start":{"line":9,"column":10},"end":{"line":13,"column":11}},"6":{"start":{"line":10,"column":12},"end":{"line":10,"column":44}},"7":{"start":{"line":12,"column":12},"end":{"line":12,"column":46}},"8":{"start":{"line":17,"column":6},"end":{"line":17,"column":31}},"9":{"start":{"line":20,"column":2},"end":{"line":20,"column":40}}},"fnMap":{"0":{"name":"teamsWonTossAndMatch","decl":{"start":{"line":1,"column":9},"end":{"line":1,"column":29}},"loc":{"start":{"line":1,"column":39},"end":{"line":18,"column":3}},"line":1},"1":{"name":"(anonymous_1)","decl":{"start":{"line":4,"column":20},"end":{"line":4,"column":21}},"loc":{"start":{"line":4,"column":31},"end":{"line":15,"column":7}},"line":4}},"branchMap":{"0":{"loc":{"start":{"line":8,"column":8},"end":{"line":14,"column":9}},"type":"if","locations":[{"start":{"line":8,"column":8},"end":{"line":14,"column":9}},{"start":{},"end":{}}],"line":8},"1":{"loc":{"start":{"line":9,"column":10},"end":{"line":13,"column":11}},"type":"if","locations":[{"start":{"line":9,"column":10},"end":{"line":13,"column":11}},{"start":{"line":11,"column":17},"end":{"line":13,"column":11}}],"line":9}},"s":{"0":1,"1":1,"2":5,"3":5,"4":5,"5":5,"6":2,"7":3,"8":1,"9":1},"f":{"0":1,"1":5},"b":{"0":[5,0],"1":[2,3]},"_coverageSchema":"1a1c01bbd47fc00a2c39e90264f33305004495a9","hash":"afe44664b2c948d9ae9d13f575f226e7f2837901"}
,"/Users/dheerajagrahari/Desktop/ipl_data_project/src/server/6_PlayerWithMostPOMAwards.js": {"path":"/Users/dheerajagrahari/Desktop/ipl_data_project/src/server/6_PlayerWithMostPOMAwards.js","statementMap":{"0":{"start":{"line":2,"column":37},"end":{"line":2,"column":39}},"1":{"start":{"line":3,"column":42},"end":{"line":3,"column":44}},"2":{"start":{"line":5,"column":4},"end":{"line":21,"column":7}},"3":{"start":{"line":6,"column":21},"end":{"line":6,"column":33}},"4":{"start":{"line":7,"column":31},"end":{"line":7,"column":52}},"5":{"start":{"line":10,"column":6},"end":{"line":20,"column":7}},"6":{"start":{"line":11,"column":8},"end":{"line":19,"column":9}},"7":{"start":{"line":12,"column":10},"end":{"line":16,"column":11}},"8":{"start":{"line":13,"column":12},"end":{"line":13,"column":65}},"9":{"start":{"line":15,"column":12},"end":{"line":15,"column":67}},"10":{"start":{"line":18,"column":10},"end":{"line":18,"column":71}},"11":{"start":{"line":23,"column":4},"end":{"line":27,"column":5}},"12":{"start":{"line":24,"column":22},"end":{"line":24,"column":54}},"13":{"start":{"line":25,"column":28},"end":{"line":25,"column":98}},"14":{"start":{"line":25,"column":66},"end":{"line":25,"column":97}},"15":{"start":{"line":26,"column":6},"end":{"line":26,"column":62}},"16":{"start":{"line":29,"column":28},"end":{"line":29,"column":30}},"17":{"start":{"line":30,"column":4},"end":{"line":33,"column":5}},"18":{"start":{"line":31,"column":21},"end":{"line":31,"column":60}},"19":{"start":{"line":32,"column":6},"end":{"line":32,"column":39}},"20":{"start":{"line":34,"column":4},"end":{"line":34,"column":27}},"21":{"start":{"line":36,"column":4},"end":{"line":36,"column":49}}},"fnMap":{"0":{"name":"findPlayerWithMostPOMAwards","decl":{"start":{"line":1,"column":9},"end":{"line":1,"column":36}},"loc":{"start":{"line":1,"column":46},"end":{"line":35,"column":3}},"line":1},"1":{"name":"(anonymous_1)","decl":{"start":{"line":5,"column":20},"end":{"line":5,"column":21}},"loc":{"start":{"line":5,"column":31},"end":{"line":21,"column":5}},"line":5},"2":{"name":"(anonymous_2)","decl":{"start":{"line":25,"column":56},"end":{"line":25,"column":57}},"loc":{"start":{"line":25,"column":66},"end":{"line":25,"column":97}},"line":25}},"branchMap":{"0":{"loc":{"start":{"line":10,"column":6},"end":{"line":20,"column":7}},"type":"if","locations":[{"start":{"line":10,"column":6},"end":{"line":20,"column":7}},{"start":{},"end":{}}],"line":10},"1":{"loc":{"start":{"line":11,"column":8},"end":{"line":19,"column":9}},"type":"if","locations":[{"start":{"line":11,"column":8},"end":{"line":19,"column":9}},{"start":{"line":17,"column":15},"end":{"line":19,"column":9}}],"line":11},"2":{"loc":{"start":{"line":12,"column":10},"end":{"line":16,"column":11}},"type":"if","locations":[{"start":{"line":12,"column":10},"end":{"line":16,"column":11}},{"start":{"line":14,"column":17},"end":{"line":16,"column":11}}],"line":12},"3":{"loc":{"start":{"line":25,"column":66},"end":{"line":25,"column":97}},"type":"cond-expr","locations":[{"start":{"line":25,"column":92},"end":{"line":25,"column":93}},{"start":{"line":25,"column":96},"end":{"line":25,"column":97}}],"line":25}},"s":{"0":2,"1":2,"2":2,"3":6,"4":6,"5":6,"6":6,"7":4,"8":2,"9":2,"10":2,"11":2,"12":2,"13":2,"14":2,"15":2,"16":2,"17":2,"18":2,"19":2,"20":2,"21":1},"f":{"0":2,"1":6,"2":2},"b":{"0":[6,0],"1":[4,2],"2":[2,2],"3":[2,0]},"_coverageSchema":"1a1c01bbd47fc00a2c39e90264f33305004495a9","hash":"86d817cebd2730e0c9f15ce18a6a8ccd6072a529"}
,"/Users/dheerajagrahari/Desktop/ipl_data_project/src/server/7_BatsmanStrikeRatePerSeason.js": {"path":"/Users/dheerajagrahari/Desktop/ipl_data_project/src/server/7_BatsmanStrikeRatePerSeason.js","statementMap":{"0":{"start":{"line":2,"column":27},"end":{"line":2,"column":29}},"1":{"start":{"line":4,"column":4},"end":{"line":20,"column":7}},"2":{"start":{"line":5,"column":22},"end":{"line":5,"column":38}},"3":{"start":{"line":6,"column":19},"end":{"line":6,"column":54}},"4":{"start":{"line":7,"column":23},"end":{"line":7,"column":55}},"5":{"start":{"line":8,"column":21},"end":{"line":8,"column":88}},"6":{"start":{"line":8,"column":49},"end":{"line":8,"column":79}},"7":{"start":{"line":10,"column":6},"end":{"line":19,"column":7}},"8":{"start":{"line":11,"column":8},"end":{"line":18,"column":9}},"9":{"start":{"line":12,"column":10},"end":{"line":14,"column":11}},"10":{"start":{"line":13,"column":12},"end":{"line":13,"column":59}},"11":{"start":{"line":16,"column":10},"end":{"line":16,"column":46}},"12":{"start":{"line":17,"column":10},"end":{"line":17,"column":41}},"13":{"start":{"line":22,"column":19},"end":{"line":22,"column":21}},"14":{"start":{"line":24,"column":4},"end":{"line":30,"column":5}},"15":{"start":{"line":25,"column":30},"end":{"line":25,"column":52}},"16":{"start":{"line":26,"column":6},"end":{"line":29,"column":7}},"17":{"start":{"line":27,"column":27},"end":{"line":27,"column":60}},"18":{"start":{"line":28,"column":8},"end":{"line":28,"column":48}},"19":{"start":{"line":32,"column":4},"end":{"line":32,"column":18}},"20":{"start":{"line":35,"column":2},"end":{"line":35,"column":46}}},"fnMap":{"0":{"name":"calculateBatsmanStrikeRate","decl":{"start":{"line":1,"column":9},"end":{"line":1,"column":35}},"loc":{"start":{"line":1,"column":65},"end":{"line":33,"column":3}},"line":1},"1":{"name":"(anonymous_1)","decl":{"start":{"line":4,"column":27},"end":{"line":4,"column":28}},"loc":{"start":{"line":4,"column":41},"end":{"line":20,"column":5}},"line":4},"2":{"name":"(anonymous_2)","decl":{"start":{"line":8,"column":38},"end":{"line":8,"column":39}},"loc":{"start":{"line":8,"column":49},"end":{"line":8,"column":79}},"line":8}},"branchMap":{"0":{"loc":{"start":{"line":10,"column":6},"end":{"line":19,"column":7}},"type":"if","locations":[{"start":{"line":10,"column":6},"end":{"line":19,"column":7}},{"start":{},"end":{}}],"line":10},"1":{"loc":{"start":{"line":10,"column":10},"end":{"line":10,"column":49}},"type":"binary-expr","locations":[{"start":{"line":10,"column":10},"end":{"line":10,"column":31}},{"start":{"line":10,"column":35},"end":{"line":10,"column":49}}],"line":10},"2":{"loc":{"start":{"line":11,"column":8},"end":{"line":18,"column":9}},"type":"if","locations":[{"start":{"line":11,"column":8},"end":{"line":18,"column":9}},{"start":{},"end":{}}],"line":11},"3":{"loc":{"start":{"line":12,"column":10},"end":{"line":14,"column":11}},"type":"if","locations":[{"start":{"line":12,"column":10},"end":{"line":14,"column":11}},{"start":{},"end":{}}],"line":12},"4":{"loc":{"start":{"line":26,"column":6},"end":{"line":29,"column":7}},"type":"if","locations":[{"start":{"line":26,"column":6},"end":{"line":29,"column":7}},{"start":{},"end":{}}],"line":26}},"s":{"0":1,"1":1,"2":4,"3":4,"4":4,"5":4,"6":9,"7":4,"8":4,"9":4,"10":3,"11":4,"12":4,"13":1,"14":1,"15":3,"16":3,"17":3,"18":3,"19":1,"20":1},"f":{"0":1,"1":4,"2":9},"b":{"0":[4,0],"1":[4,4],"2":[4,0],"3":[3,1],"4":[3,0]},"_coverageSchema":"1a1c01bbd47fc00a2c39e90264f33305004495a9","hash":"3aaaf8dc2a6886dde8ce8018fdad8ce25129dd40"}
,"/Users/dheerajagrahari/Desktop/ipl_data_project/src/server/8_DismissalsByPlayer.js": {"path":"/Users/dheerajagrahari/Desktop/ipl_data_project/src/server/8_DismissalsByPlayer.js","statementMap":{"0":{"start":{"line":2,"column":31},"end":{"line":2,"column":40}},"1":{"start":{"line":4,"column":2},"end":{"line":12,"column":3}},"2":{"start":{"line":5,"column":28},"end":{"line":5,"column":53}},"3":{"start":{"line":6,"column":19},"end":{"line":6,"column":34}},"4":{"start":{"line":8,"column":4},"end":{"line":11,"column":5}},"5":{"start":{"line":9,"column":18},"end":{"line":9,"column":61}},"6":{"start":{"line":10,"column":6},"end":{"line":10,"column":78}},"7":{"start":{"line":14,"column":34},"end":{"line":14,"column":36}},"8":{"start":{"line":15,"column":22},"end":{"line":15,"column":23}},"9":{"start":{"line":17,"column":2},"end":{"line":24,"column":3}},"10":{"start":{"line":18,"column":4},"end":{"line":23,"column":5}},"11":{"start":{"line":19,"column":6},"end":{"line":19,"column":33}},"12":{"start":{"line":20,"column":6},"end":{"line":20,"column":40}},"13":{"start":{"line":21,"column":11},"end":{"line":23,"column":5}},"14":{"start":{"line":22,"column":6},"end":{"line":22,"column":42}},"15":{"start":{"line":26,"column":2},"end":{"line":26,"column":54}},"16":{"start":{"line":29,"column":0},"end":{"line":29,"column":51}}},"fnMap":{"0":{"name":"findMostDismissedPlayersAndBowler","decl":{"start":{"line":1,"column":9},"end":{"line":1,"column":42}},"loc":{"start":{"line":1,"column":55},"end":{"line":27,"column":1}},"line":1}},"branchMap":{"0":{"loc":{"start":{"line":8,"column":4},"end":{"line":11,"column":5}},"type":"if","locations":[{"start":{"line":8,"column":4},"end":{"line":11,"column":5}},{"start":{},"end":{}}],"line":8},"1":{"loc":{"start":{"line":8,"column":8},"end":{"line":8,"column":33}},"type":"binary-expr","locations":[{"start":{"line":8,"column":8},"end":{"line":8,"column":23}},{"start":{"line":8,"column":27},"end":{"line":8,"column":33}}],"line":8},"2":{"loc":{"start":{"line":10,"column":37},"end":{"line":10,"column":71}},"type":"binary-expr","locations":[{"start":{"line":10,"column":37},"end":{"line":10,"column":66}},{"start":{"line":10,"column":70},"end":{"line":10,"column":71}}],"line":10},"3":{"loc":{"start":{"line":18,"column":4},"end":{"line":23,"column":5}},"type":"if","locations":[{"start":{"line":18,"column":4},"end":{"line":23,"column":5}},{"start":{"line":21,"column":11},"end":{"line":23,"column":5}}],"line":18},"4":{"loc":{"start":{"line":21,"column":11},"end":{"line":23,"column":5}},"type":"if","locations":[{"start":{"line":21,"column":11},"end":{"line":23,"column":5}},{"start":{},"end":{}}],"line":21}},"s":{"0":2,"1":2,"2":11,"3":11,"4":11,"5":11,"6":11,"7":2,"8":2,"9":2,"10":7,"11":2,"12":2,"13":5,"14":1,"15":2,"16":1},"f":{"0":2},"b":{"0":[11,0],"1":[11,11],"2":[11,7],"3":[2,5],"4":[1,4]},"_coverageSchema":"1a1c01bbd47fc00a2c39e90264f33305004495a9","hash":"baffe84c6fec8fde15840d38e222c54a8aec9d3d"}
,"/Users/dheerajagrahari/Desktop/ipl_data_project/src/server/9_bestEconomyInSuperOvers.js": {"path":"/Users/dheerajagrahari/Desktop/ipl_data_project/src/server/9_bestEconomyInSuperOvers.js","statementMap":{"0":{"start":{"line":2,"column":24},"end":{"line":2,"column":26}},"1":{"start":{"line":4,"column":2},"end":{"line":17,"column":5}},"2":{"start":{"line":5,"column":24},"end":{"line":5,"column":54}},"3":{"start":{"line":6,"column":19},"end":{"line":6,"column":34}},"4":{"start":{"line":7,"column":22},"end":{"line":7,"column":55}},"5":{"start":{"line":9,"column":4},"end":{"line":16,"column":5}},"6":{"start":{"line":10,"column":6},"end":{"line":15,"column":7}},"7":{"start":{"line":11,"column":8},"end":{"line":11,"column":48}},"8":{"start":{"line":12,"column":8},"end":{"line":12,"column":38}},"9":{"start":{"line":14,"column":8},"end":{"line":14,"column":62}},"10":{"start":{"line":19,"column":20},"end":{"line":19,"column":28}},"11":{"start":{"line":20,"column":26},"end":{"line":20,"column":28}},"12":{"start":{"line":22,"column":2},"end":{"line":30,"column":3}},"13":{"start":{"line":23,"column":28},"end":{"line":23,"column":49}},"14":{"start":{"line":24,"column":20},"end":{"line":24,"column":38}},"15":{"start":{"line":26,"column":4},"end":{"line":29,"column":5}},"16":{"start":{"line":27,"column":6},"end":{"line":27,"column":28}},"17":{"start":{"line":28,"column":6},"end":{"line":28,"column":33}},"18":{"start":{"line":32,"column":2},"end":{"line":32,"column":68}},"19":{"start":{"line":35,"column":0},"end":{"line":35,"column":41}}},"fnMap":{"0":{"name":"bestEconomyInSuperOvers","decl":{"start":{"line":1,"column":9},"end":{"line":1,"column":32}},"loc":{"start":{"line":1,"column":45},"end":{"line":33,"column":1}},"line":1},"1":{"name":"(anonymous_1)","decl":{"start":{"line":4,"column":21},"end":{"line":4,"column":22}},"loc":{"start":{"line":4,"column":35},"end":{"line":17,"column":3}},"line":4}},"branchMap":{"0":{"loc":{"start":{"line":9,"column":4},"end":{"line":16,"column":5}},"type":"if","locations":[{"start":{"line":9,"column":4},"end":{"line":16,"column":5}},{"start":{},"end":{}}],"line":9},"1":{"loc":{"start":{"line":9,"column":8},"end":{"line":9,"column":29}},"type":"binary-expr","locations":[{"start":{"line":9,"column":8},"end":{"line":9,"column":19}},{"start":{"line":9,"column":23},"end":{"line":9,"column":29}}],"line":9},"2":{"loc":{"start":{"line":10,"column":6},"end":{"line":15,"column":7}},"type":"if","locations":[{"start":{"line":10,"column":6},"end":{"line":15,"column":7}},{"start":{"line":13,"column":13},"end":{"line":15,"column":7}}],"line":10},"3":{"loc":{"start":{"line":26,"column":4},"end":{"line":29,"column":5}},"type":"if","locations":[{"start":{"line":26,"column":4},"end":{"line":29,"column":5}},{"start":{},"end":{}}],"line":26}},"s":{"0":2,"1":2,"2":6,"3":6,"4":6,"5":6,"6":4,"7":1,"8":1,"9":3,"10":2,"11":2,"12":2,"13":3,"14":3,"15":3,"16":1,"17":1,"18":2,"19":1},"f":{"0":2,"1":6},"b":{"0":[4,2],"1":[6,4],"2":[1,3],"3":[1,2]},"_coverageSchema":"1a1c01bbd47fc00a2c39e90264f33305004495a9","hash":"e5a899c30881b9649a6e3535bfd9bdc46265a63f"}
}
