TN:
SF:src/server/1_MatchesPerYearData.js
FN:1,matchesplayperyear
FN:4,(anonymous_1)
FNF:2
FNH:2
FNDA:3,matchesplayperyear
FNDA:8,(anonymous_1)
DA:3,3
DA:4,3
DA:5,8
DA:6,8
DA:7,7
DA:8,2
DA:11,5
DA:15,3
DA:17,1
LF:9
LH:9
BRDA:6,0,0,7
BRDA:6,0,1,1
BRDA:7,1,0,2
BRDA:7,1,1,5
BRF:4
BRH:4
end_of_record
TN:
SF:src/server/2_MatchesWonPerTeamPerYearData.js
FN:1,calculateMatchesWonPerTeamPerYearData
FN:4,(anonymous_1)
FNF:2
FNH:2
FNDA:2,calculateMatchesWonPerTeamPerYearData
FNDA:6,(anonymous_1)
DA:2,2
DA:4,2
DA:5,6
DA:6,6
DA:8,6
DA:9,3
DA:10,0
DA:12,3
DA:15,3
DA:19,2
DA:22,1
LF:11
LH:10
BRDA:8,0,0,3
BRDA:8,0,1,3
BRDA:9,1,0,0
BRDA:9,1,1,3
BRF:4
BRH:3
end_of_record
TN:
SF:src/server/3_ExtraRunsConcededData.js
FN:1,calculateExtraRunsConceded
FN:5,(anonymous_1)
FN:11,(anonymous_2)
FNF:3
FNH:3
FNDA:2,calculateExtraRunsConceded
FNDA:9,(anonymous_1)
FNDA:42,(anonymous_2)
DA:2,2
DA:5,9
DA:7,2
DA:8,6
DA:11,42
DA:13,6
DA:14,6
DA:15,6
DA:17,6
DA:18,2
DA:20,4
DA:25,2
DA:28,1
LF:13
LH:13
BRDA:17,0,0,2
BRDA:17,0,1,4
BRF:2
BRH:2
end_of_record
TN:
SF:src/server/4_EconomicalBowlers.js
FN:1,findTop10EconomicalBowlersIn2015BasedOnDeliveries
FN:5,(anonymous_1)
FN:6,(anonymous_2)
FN:12,(anonymous_3)
FN:35,(anonymous_4)
FN:36,(anonymous_5)
FN:40,(anonymous_6)
FNF:7
FNH:7
FNDA:1,findTop10EconomicalBowlersIn2015BasedOnDeliveries
FNDA:4,(anonymous_1)
FNDA:3,(anonymous_2)
FNDA:23,(anonymous_3)
FNDA:11,(anonymous_4)
FNDA:11,(anonymous_5)
FNDA:27,(anonymous_6)
DA:4,1
DA:5,4
DA:7,3
DA:8,3
DA:12,1
DA:13,23
DA:14,23
DA:15,23
DA:16,23
DA:17,23
DA:19,23
DA:20,22
DA:21,11
DA:24,22
DA:25,22
DA:26,16
DA:30,23
DA:34,1
DA:35,11
DA:36,11
DA:40,27
DA:43,1
DA:46,1
LF:23
LH:23
BRDA:19,0,0,22
BRDA:19,0,1,1
BRDA:20,1,0,11
BRDA:20,1,1,11
BRDA:25,2,0,16
BRDA:25,2,1,6
BRDA:25,3,0,22
BRDA:25,3,1,18
BRF:8
BRH:8
end_of_record
TN:
SF:src/server/5_teamsWonTossAndMatch.js
FN:1,teamsWonTossAndMatch
FN:4,(anonymous_1)
FNF:2
FNH:2
FNDA:1,teamsWonTossAndMatch
FNDA:5,(anonymous_1)
DA:2,1
DA:4,1
DA:5,5
DA:6,5
DA:8,5
DA:9,5
DA:10,2
DA:12,3
DA:17,1
DA:20,1
LF:10
LH:10
BRDA:8,0,0,5
BRDA:8,0,1,0
BRDA:9,1,0,2
BRDA:9,1,1,3
BRF:4
BRH:3
end_of_record
TN:
SF:src/server/6_PlayerWithMostPOMAwards.js
FN:1,findPlayerWithMostPOMAwards
FN:5,(anonymous_1)
FN:25,(anonymous_2)
FNF:3
FNH:3
FNDA:2,findPlayerWithMostPOMAwards
FNDA:6,(anonymous_1)
FNDA:2,(anonymous_2)
DA:2,2
DA:3,2
DA:5,2
DA:6,6
DA:7,6
DA:10,6
DA:11,6
DA:12,4
DA:13,2
DA:15,2
DA:18,2
DA:23,2
DA:24,2
DA:25,2
DA:26,2
DA:29,2
DA:30,2
DA:31,2
DA:32,2
DA:34,2
DA:36,1
LF:21
LH:21
BRDA:10,0,0,6
BRDA:10,0,1,0
BRDA:11,1,0,4
BRDA:11,1,1,2
BRDA:12,2,0,2
BRDA:12,2,1,2
BRDA:25,3,0,2
BRDA:25,3,1,0
BRF:8
BRH:6
end_of_record
TN:
SF:src/server/7_BatsmanStrikeRatePerSeason.js
FN:1,calculateBatsmanStrikeRate
FN:4,(anonymous_1)
FN:8,(anonymous_2)
FNF:3
FNH:3
FNDA:1,calculateBatsmanStrikeRate
FNDA:4,(anonymous_1)
FNDA:9,(anonymous_2)
DA:2,1
DA:4,1
DA:5,4
DA:6,4
DA:7,4
DA:8,9
DA:10,4
DA:11,4
DA:12,4
DA:13,3
DA:16,4
DA:17,4
DA:22,1
DA:24,1
DA:25,3
DA:26,3
DA:27,3
DA:28,3
DA:32,1
DA:35,1
LF:20
LH:20
BRDA:10,0,0,4
BRDA:10,0,1,0
BRDA:10,1,0,4
BRDA:10,1,1,4
BRDA:11,2,0,4
BRDA:11,2,1,0
BRDA:12,3,0,3
BRDA:12,3,1,1
BRDA:26,4,0,3
BRDA:26,4,1,0
BRF:10
BRH:7
end_of_record
TN:
SF:src/server/8_DismissalsByPlayer.js
FN:1,findMostDismissedPlayer
FN:4,(anonymous_1)
FN:33,(anonymous_2)
FNF:3
FNH:3
FNDA:2,findMostDismissedPlayer
FNDA:6,(anonymous_1)
FNDA:1,(anonymous_2)
DA:2,2
DA:4,2
DA:5,6
DA:6,6
DA:8,6
DA:9,6
DA:11,6
DA:12,2
DA:14,4
DA:19,2
DA:20,2
DA:22,2
DA:23,4
DA:25,4
DA:26,1
DA:27,1
DA:28,3
DA:29,0
DA:33,2
DA:34,1
DA:35,1
DA:38,2
DA:41,1
LF:23
LH:22
BRDA:8,0,0,6
BRDA:8,0,1,0
BRDA:8,1,0,6
BRDA:8,1,1,6
BRDA:11,2,0,2
BRDA:11,2,1,4
BRDA:25,3,0,1
BRDA:25,3,1,3
BRDA:28,4,0,0
BRDA:28,4,1,3
BRF:10
BRH:8
end_of_record
TN:
SF:src/server/9_bestEconomyInSuperOvers.js
FN:1,bestEconomyInSuperOvers
FN:4,(anonymous_1)
FNF:2
FNH:2
FNDA:2,bestEconomyInSuperOvers
FNDA:6,(anonymous_1)
DA:2,2
DA:4,2
DA:5,6
DA:6,6
DA:7,6
DA:9,6
DA:10,4
DA:11,1
DA:12,1
DA:14,3
DA:19,2
DA:20,2
DA:22,2
DA:23,3
DA:24,3
DA:26,3
DA:27,1
DA:28,1
DA:32,2
DA:35,1
LF:20
LH:20
BRDA:9,0,0,4
BRDA:9,0,1,2
BRDA:9,1,0,6
BRDA:9,1,1,4
BRDA:10,2,0,1
BRDA:10,2,1,3
BRDA:26,3,0,1
BRDA:26,3,1,2
BRF:8
BRH:8
end_of_record
